Determining if the pthread_create exist failed with the following output:
Change Dir: /home/hl/google/src/cmake-build-debug/CMakeFiles/CMakeTmp

Run Build Command:"/usr/bin/make" "cmTC_dca6d/fast"
/usr/bin/make -f CMakeFiles/cmTC_dca6d.dir/build.make CMakeFiles/cmTC_dca6d.dir/build
make[1]: 正在进入目录 `/home/hl/google/src/cmake-build-debug/CMakeFiles/CMakeTmp'
Building C object CMakeFiles/cmTC_dca6d.dir/CheckSymbolExists.c.o
/usr/bin/cc     -o CMakeFiles/cmTC_dca6d.dir/CheckSymbolExists.c.o   -c /home/hl/google/src/cmake-build-debug/CMakeFiles/CMakeTmp/CheckSymbolExists.c
Linking C executable cmTC_dca6d
/usr/local/bin/cmake -E cmake_link_script CMakeFiles/cmTC_dca6d.dir/link.txt --verbose=1
/usr/bin/cc       CMakeFiles/cmTC_dca6d.dir/CheckSymbolExists.c.o  -o cmTC_dca6d -rdynamic 
CMakeFiles/cmTC_dca6d.dir/CheckSymbolExists.c.o：在函数‘main’中：
CheckSymbolExists.c:(.text+0x16)：对‘pthread_create’未定义的引用
collect2: error: ld returned 1 exit status
make[1]: *** [cmTC_dca6d] 错误 1
make[1]:正在离开目录 `/home/hl/google/src/cmake-build-debug/CMakeFiles/CMakeTmp'
make: *** [cmTC_dca6d/fast] 错误 2

File /home/hl/google/src/cmake-build-debug/CMakeFiles/CMakeTmp/CheckSymbolExists.c:
/* */
#include <pthread.h>

int main(int argc, char** argv)
{
  (void)argv;
#ifndef pthread_create
  return ((int*)(&pthread_create))[argc];
#else
  (void)argc;
  return 0;
#endif
}

Determining if the function pthread_create exists in the pthreads failed with the following output:
Change Dir: /home/hl/google/src/cmake-build-debug/CMakeFiles/CMakeTmp

Run Build Command:"/usr/bin/make" "cmTC_90591/fast"
/usr/bin/make -f CMakeFiles/cmTC_90591.dir/build.make CMakeFiles/cmTC_90591.dir/build
make[1]: 正在进入目录 `/home/hl/google/src/cmake-build-debug/CMakeFiles/CMakeTmp'
Building C object CMakeFiles/cmTC_90591.dir/CheckFunctionExists.c.o
/usr/bin/cc    -DCHECK_FUNCTION_EXISTS=pthread_create   -o CMakeFiles/cmTC_90591.dir/CheckFunctionExists.c.o   -c /usr/local/share/cmake-3.6/Modules/CheckFunctionExists.c
Linking C executable cmTC_90591
/usr/local/bin/cmake -E cmake_link_script CMakeFiles/cmTC_90591.dir/link.txt --verbose=1
/usr/bin/cc   -DCHECK_FUNCTION_EXISTS=pthread_create    CMakeFiles/cmTC_90591.dir/CheckFunctionExists.c.o  -o cmTC_90591 -rdynamic -lpthreads 
/usr/bin/ld: 找不到 -lpthreads
collect2: error: ld returned 1 exit status
make[1]: *** [cmTC_90591] 错误 1
make[1]:正在离开目录 `/home/hl/google/src/cmake-build-debug/CMakeFiles/CMakeTmp'
make: *** [cmTC_90591/fast] 错误 2


